SF:lib\Controller\RentalsController.dart
DA:13,2
DA:15,0
DA:17,0
DA:18,0
DA:21,0
DA:22,0
DA:23,0
DA:26,1
DA:28,1
DA:29,2
DA:32,2
DA:33,3
DA:34,4
DA:35,5
DA:36,4
DA:37,2
DA:39,0
DA:42,0
LF:18
LH:10
end_of_record
SF:lib\Controller\RoosterController.dart
DA:15,0
DA:17,0
DA:18,0
DA:21,0
DA:23,0
DA:24,0
DA:26,0
DA:30,1
DA:31,1
DA:33,4
DA:36,1
DA:37,1
DA:38,2
DA:40,3
DA:42,5
LF:15
LH:8
end_of_record
SF:lib\Controller\StudioController.dart
DA:14,0
DA:15,0
DA:16,0
DA:18,0
DA:22,0
DA:24,0
DA:25,0
DA:28,1
DA:29,1
DA:31,4
DA:34,1
DA:36,1
DA:37,2
DA:40,2
DA:41,3
DA:42,1
DA:43,1
DA:44,3
DA:45,1
DA:47,0
DA:50,0
DA:53,0
LF:22
LH:12
end_of_record
SF:lib\Controller\TalentController.dart
DA:16,0
DA:17,0
DA:18,0
DA:19,0
DA:22,0
DA:25,0
DA:27,0
DA:28,0
DA:31,1
DA:32,1
DA:34,1
DA:37,1
DA:39,1
DA:40,2
DA:44,2
DA:45,3
DA:46,1
DA:47,3
DA:48,1
DA:49,1
DA:52,0
DA:53,0
DA:56,0
LF:23
LH:12
end_of_record
SF:lib\AppConstants.dart
DA:23,0
LF:1
LH:0
end_of_record
SF:lib\Controller\CacheController.dart
DA:5,0
LF:1
LH:0
end_of_record
SF:lib\Models\Rentals.dart
DA:7,1
DA:14,1
DA:15,1
DA:16,1
DA:17,1
DA:18,1
DA:19,1
LF:7
LH:7
end_of_record
SF:lib\Models\Rooster.dart
DA:20,0
DA:36,0
DA:37,0
DA:38,0
DA:39,0
DA:40,0
DA:41,0
DA:42,0
DA:43,0
DA:44,0
DA:45,0
DA:46,0
DA:47,0
DA:48,0
DA:49,0
DA:50,0
DA:73,1
DA:91,1
DA:92,1
DA:93,1
DA:94,1
DA:95,1
DA:96,1
DA:97,1
DA:98,1
DA:99,1
DA:100,1
DA:101,1
DA:102,1
DA:103,1
DA:104,1
DA:105,1
DA:106,1
DA:107,3
DA:108,1
DA:109,1
DA:110,3
DA:111,1
DA:115,0
DA:116,0
DA:117,0
DA:118,0
DA:119,0
DA:120,0
DA:121,0
DA:122,0
DA:123,0
DA:124,0
DA:125,0
DA:126,0
DA:127,0
DA:128,0
DA:129,0
DA:130,0
DA:140,1
DA:146,1
DA:147,1
DA:148,1
DA:149,1
DA:150,1
DA:154,0
DA:155,0
DA:156,0
DA:157,0
DA:158,0
DA:168,1
DA:174,1
DA:175,1
DA:176,1
DA:177,1
DA:178,1
DA:182,0
DA:183,0
DA:184,0
DA:185,0
DA:186,0
LF:76
LH:34
end_of_record
SF:lib\Models\Studio.dart
DA:10,1
DA:15,1
DA:16,1
DA:17,1
DA:18,1
DA:20,1
DA:21,1
DA:22,3
DA:23,1
DA:33,1
DA:38,1
DA:39,1
DA:40,1
DA:41,1
DA:42,1
LF:15
LH:15
end_of_record
SF:lib\Models\StudioList.dart
DA:16,0
DA:32,0
DA:33,0
DA:34,0
DA:35,0
DA:36,0
DA:37,0
DA:38,0
DA:39,0
DA:40,0
DA:41,0
DA:42,0
DA:43,0
DA:44,0
DA:45,0
DA:47,0
DA:48,0
DA:50,0
DA:51,0
LF:19
LH:0
end_of_record
SF:lib\Models\TalentCategory.dart
DA:9,1
DA:18,1
DA:19,1
DA:20,1
DA:21,1
DA:22,1
DA:23,1
DA:24,2
DA:25,2
LF:9
LH:9
end_of_record
SF:lib\Models\RoosterImages.dart
DA:8,0
DA:11,0
DA:12,0
DA:13,0
LF:4
LH:0
end_of_record
SF:lib\Models\RoosterInterests.dart
DA:6,0
DA:12,0
DA:13,0
DA:14,0
DA:15,0
DA:16,0
LF:6
LH:0
end_of_record
